  [1m[36mSQL (0.0ms)[0m  [1m SELECT name
 FROM sqlite_master
 WHERE type = 'table' AND NOT name = 'sqlite_sequence'
[0m
  [1m[35mSQL (0.0ms)[0m  select sqlite_version(*)
  [1m[36mSQL (93.6ms)[0m  [1mCREATE TABLE "schema_migrations" ("version" varchar(255) NOT NULL) [0m
  [1m[35mSQL (0.0ms)[0m  PRAGMA index_list("schema_migrations")
  [1m[36mSQL (93.6ms)[0m  [1mCREATE UNIQUE INDEX "unique_schema_migrations" ON "schema_migrations" ("version")[0m
  [1m[35mSQL (0.0ms)[0m   SELECT name
 FROM sqlite_master
 WHERE type = 'table' AND NOT name = 'sqlite_sequence'
  [1m[36mSQL (0.0ms)[0m  [1m SELECT name
 FROM sqlite_master
 WHERE type = 'table' AND NOT name = 'sqlite_sequence'
[0m
  [1m[35mSQL (0.0ms)[0m  SELECT "schema_migrations"."version" FROM "schema_migrations"
Migrating to CreateProducts (20110327174430)
  [1m[36mSQL (0.0ms)[0m  [1mCREATE TABLE "products" ("id" INTEGER PRIMARY KEY AUTOINCREMENT NOT NULL, "title" varchar(255), "description" text, "image_url" varchar(255), "price" decimal(8,2), "created_at" datetime, "updated_at" datetime) [0m
  [1m[35mSQL (0.0ms)[0m  INSERT INTO "schema_migrations" ("version") VALUES ('20110327174430')
  [1m[36mSQL (0.0ms)[0m  [1m SELECT name
 FROM sqlite_master
 WHERE type = 'table' AND NOT name = 'sqlite_sequence'
[0m
  [1m[35mSQL (0.0ms)[0m  SELECT "schema_migrations"."version" FROM "schema_migrations"
  [1m[36mSQL (0.0ms)[0m  [1m SELECT name
 FROM sqlite_master
 WHERE type = 'table' AND NOT name = 'sqlite_sequence'
[0m
  [1m[35mSQL (0.0ms)[0m  PRAGMA index_list("products")


Started GET "/products" for 127.0.0.1 at Sun Mar 27 19:50:48 +0200 2011
  Processing by ProductsController#index as HTML
  [1m[36mProduct Load (0.0ms)[0m  [1mSELECT "products".* FROM "products"[0m
Rendered products/index.html.erb within layouts/application (15.6ms)
Completed 200 OK in 140ms (Views: 31.2ms | ActiveRecord: 0.0ms)


Started GET "/products/new" for 127.0.0.1 at Sun Mar 27 19:51:10 +0200 2011
  Processing by ProductsController#new as HTML
Rendered products/_form.html.erb (60.0ms)
Rendered products/new.html.erb within layouts/application (70.0ms)
Completed 200 OK in 111ms (Views: 95.6ms | ActiveRecord: 0.0ms)


Started POST "/products" for 127.0.0.1 at Sun Mar 27 19:51:50 +0200 2011
  Processing by ProductsController#create as HTML
  Parameters: {"commit"=>"Create Product", "authenticity_token"=>"aVtDrWshlhIsZrVwfkg467xxeQop+D0+GP4WDZxoDQM=", "utf8"=>"✓", "product"=>{"price"=>"839.00", "title"=>"Bongo", "image_url"=>"", "description"=>"Description of Bongo"}}
  [1m[35mSQL (0.0ms)[0m   SELECT name
 FROM sqlite_master
 WHERE type = 'table' AND NOT name = 'sqlite_sequence'
  [1m[36mAREL (0.0ms)[0m  [1mINSERT INTO "products" ("title", "created_at", "description", "updated_at", "image_url", "price") VALUES ('Bongo', '2011-03-27 17:51:50.496479', 'Description of Bongo', '2011-03-27 17:51:50.496479', '', 839.0)[0m
Redirected to http://localhost:3000/products/1
Completed 302 Found in 189ms


Started GET "/products/1" for 127.0.0.1 at Sun Mar 27 19:51:50 +0200 2011
  Processing by ProductsController#show as HTML
  Parameters: {"id"=>"1"}
  [1m[35mProduct Load (0.0ms)[0m  SELECT "products".* FROM "products" WHERE "products"."id" = 1 LIMIT 1
Rendered products/show.html.erb within layouts/application (10.0ms)
Completed 200 OK in 50ms (Views: 40.0ms | ActiveRecord: 0.0ms)


Started GET "/products" for 127.0.0.1 at Sun Mar 27 20:08:54 +0200 2011
  Processing by ProductsController#index as HTML
  [1m[36mProduct Load (0.0ms)[0m  [1mSELECT "products".* FROM "products"[0m
Rendered products/index.html.erb within layouts/application (15.6ms)
Completed 200 OK in 47ms (Views: 31.2ms | ActiveRecord: 0.0ms)


Started GET "/products/1" for 127.0.0.1 at Sun Mar 27 20:08:58 +0200 2011
  Processing by ProductsController#show as HTML
  Parameters: {"id"=>"1"}
  [1m[35mProduct Load (0.0ms)[0m  SELECT "products".* FROM "products" WHERE "products"."id" = 1 LIMIT 1
Rendered products/show.html.erb within layouts/application (10.0ms)
Completed 200 OK in 53ms (Views: 37.6ms | ActiveRecord: 0.0ms)
  [1m[36mSQL (0.0ms)[0m  [1m SELECT name
 FROM sqlite_master
 WHERE type = 'table' AND NOT name = 'sqlite_sequence'
[0m
  [1m[35mSQL (0.0ms)[0m   SELECT name
 FROM sqlite_master
 WHERE type = 'table' AND NOT name = 'sqlite_sequence'
  [1m[36mSQL (0.0ms)[0m  [1mSELECT "schema_migrations"."version" FROM "schema_migrations"[0m
  [1m[35mSQL (0.0ms)[0m  select sqlite_version(*)
  [1m[36mSQL (0.0ms)[0m  [1m SELECT name
 FROM sqlite_master
 WHERE type = 'table' AND NOT name = 'sqlite_sequence'
[0m
  [1m[35mSQL (78.0ms)[0m  CREATE TABLE "products" ("id" INTEGER PRIMARY KEY AUTOINCREMENT NOT NULL, "title" varchar(255), "description" text, "image_url" varchar(255), "price" decimal(8,2), "created_at" datetime, "updated_at" datetime) 
  [1m[36mSQL (0.0ms)[0m  [1m SELECT name
 FROM sqlite_master
 WHERE type = 'table' AND NOT name = 'sqlite_sequence'
[0m
  [1m[35mSQL (78.0ms)[0m  CREATE TABLE "schema_migrations" ("version" varchar(255) NOT NULL) 
  [1m[36mSQL (0.0ms)[0m  [1mPRAGMA index_list("schema_migrations")[0m
  [1m[35mSQL (93.6ms)[0m  CREATE UNIQUE INDEX "unique_schema_migrations" ON "schema_migrations" ("version")
  [1m[36mSQL (0.0ms)[0m  [1m SELECT name
 FROM sqlite_master
 WHERE type = 'table' AND NOT name = 'sqlite_sequence'
[0m
  [1m[35mSQL (0.0ms)[0m  SELECT version FROM "schema_migrations"
  [1m[36mSQL (93.6ms)[0m  [1mINSERT INTO "schema_migrations" (version) VALUES ('20110327174430')[0m
  [1m[36mSQL (15.6ms)[0m  [1m SELECT name
 FROM sqlite_master
 WHERE type = 'table' AND NOT name = 'sqlite_sequence'
[0m
  [1m[35mSQL (0.0ms)[0m   SELECT name
 FROM sqlite_master
 WHERE type = 'table' AND NOT name = 'sqlite_sequence'
  [1m[36mSQL (0.0ms)[0m  [1mSELECT "schema_migrations"."version" FROM "schema_migrations"[0m
  [1m[35mAREL (156.0ms)[0m  DELETE FROM "products" WHERE 1=1
  [1m[36mAREL (0.0ms)[0m  [1mINSERT INTO "products" ("title", "image_url", "created_at", "description", "updated_at", "price") VALUES ('Web Design for Developers', '/images/wd4d.jpg', '2011-03-27 18:19:36.400808', '<p>
 <em>Web Design for Developers</em> will show you how to make your
 web-based application look professionally designed. We''ll help you
 learn how to pick the right colors and fonts, avoid costly interface
 and accessibility mistakes -- your application will really come alive.
 We''ll also walk you through some common Photoshop and CSS techniques
 and work through a web site redesign, taking a new design from concept
 all the way to implementation.
 </p>', '2011-03-27 18:19:36.400808', 42.95)[0m
  [1m[35mAREL (15.6ms)[0m  INSERT INTO "products" ("title", "image_url", "created_at", "description", "updated_at", "price") VALUES ('Programming Ruby 1.9', '/images/ruby.jpg', '2011-03-27 18:19:36.619209', '<p>
 Ruby is the fastest growing and most exciting dynamic language
 out there. If you need to get working programs delivered fast,
 you should add Ruby to your toolbox.
 </p>', '2011-03-27 18:19:36.619209', 49.5)
  [1m[36mAREL (0.0ms)[0m  [1mINSERT INTO "products" ("title", "image_url", "created_at", "description", "updated_at", "price") VALUES ('Rails Test Prescriptions', '/images/rtp.jpg', '2011-03-27 18:19:36.759609', '<p>
 <em>Rails Test Prescriptions</em> is a comprehensive guide to testing
 Rails applications, covering Test-Driven Development from both a
 theoretical perspective (why to test) and from a practical perspective
 (how to test effectively). It covers the core Rails testing tools and
 procedures for Rails 2 and Rails 3, and introduces popular add-ons,
 including Cucumber, Shoulda, Machinist, Mocha, and Rcov.
 </p>', '2011-03-27 18:19:36.759609', 43.75)[0m


Started GET "/products" for 127.0.0.1 at Sun Mar 27 20:33:04 +0200 2011
  Processing by ProductsController#index as HTML
  [1m[36mProduct Load (0.0ms)[0m  [1mSELECT "products".* FROM "products"[0m
Rendered products/index.html.erb within layouts/application (124.8ms)
Completed 200 OK in 265ms (Views: 156.0ms | ActiveRecord: 0.0ms)


Started GET "/products" for 127.0.0.1 at Sun Mar 27 20:35:22 +0200 2011
  Processing by ProductsController#index as 
  [1m[35mProduct Load (0.0ms)[0m  SELECT "products".* FROM "products"
Rendered products/index.html.erb within layouts/application (31.2ms)
Completed 200 OK in 78ms (Views: 62.4ms | ActiveRecord: 0.0ms)


Started GET "/products" for 127.0.0.1 at Sun Mar 27 20:36:05 +0200 2011
  Processing by ProductsController#index as 
  [1m[36mProduct Load (15.6ms)[0m  [1mSELECT "products".* FROM "products"[0m
Rendered products/index.html.erb within layouts/application (15.6ms)
Completed 200 OK in 62ms (Views: 46.8ms | ActiveRecord: 15.6ms)


Started GET "/products" for 127.0.0.1 at Tue Mar 29 13:43:33 +0200 2011
  Processing by ProductsController#index as HTML
  [1m[36mProduct Load (0.0ms)[0m  [1mSELECT "products".* FROM "products"[0m
Rendered products/index.html.erb within layouts/application (218.4ms)
Completed 200 OK in 421ms (Views: 280.8ms | ActiveRecord: 0.0ms)


Started GET "/depot" for 127.0.0.1 at Tue Mar 29 13:43:53 +0200 2011

ActionController::RoutingError (No route matches "/depot"):
  

Rendered C:/Ruby/lib/ruby/gems/1.8/gems/actionpack-3.0.5/lib/action_dispatch/middleware/templates/rescues/routing_error.erb within rescues/layout (0.0ms)


Started GET "/store" for 127.0.0.1 at Tue Mar 29 13:44:23 +0200 2011

ActionController::RoutingError (No route matches "/store"):
  

Rendered C:/Ruby/lib/ruby/gems/1.8/gems/actionpack-3.0.5/lib/action_dispatch/middleware/templates/rescues/routing_error.erb within rescues/layout (0.0ms)


Started GET "/depot" for 127.0.0.1 at Tue Mar 29 13:44:50 +0200 2011

ActionController::RoutingError (No route matches "/depot"):
  

Rendered C:/Ruby/lib/ruby/gems/1.8/gems/actionpack-3.0.5/lib/action_dispatch/middleware/templates/rescues/routing_error.erb within rescues/layout (0.0ms)


Started GET "/depot" for 127.0.0.1 at Tue Mar 29 13:45:54 +0200 2011

ActionController::RoutingError (No route matches "/depot"):
  

Rendered C:/Ruby/lib/ruby/gems/1.8/gems/actionpack-3.0.5/lib/action_dispatch/middleware/templates/rescues/routing_error.erb within rescues/layout (0.0ms)


Started GET "/products" for 127.0.0.1 at Tue Mar 29 13:46:53 +0200 2011
  Processing by ProductsController#index as HTML
  [1m[36mProduct Load (0.0ms)[0m  [1mSELECT "products".* FROM "products"[0m
Rendered products/index.html.erb within layouts/application (156.0ms)
Completed 200 OK in 277ms (Views: 176.0ms | ActiveRecord: 0.0ms)


Started GET "/depot" for 127.0.0.1 at Tue Mar 29 13:47:48 +0200 2011

ActionController::RoutingError (No route matches "/depot"):
  

Rendered C:/Ruby/lib/ruby/gems/1.8/gems/actionpack-3.0.5/lib/action_dispatch/middleware/templates/rescues/routing_error.erb within rescues/layout (0.0ms)


Started GET "/products" for 127.0.0.1 at Tue Mar 29 13:48:18 +0200 2011
  Processing by ProductsController#index as HTML
  [1m[35mProduct Load (0.0ms)[0m  SELECT "products".* FROM "products"
Rendered products/index.html.erb within layouts/application (15.0ms)
Completed 200 OK in 67ms (Views: 51.2ms | ActiveRecord: 0.0ms)


Started GET "/store" for 127.0.0.1 at Tue Mar 29 13:48:27 +0200 2011

ActionController::RoutingError (No route matches "/store"):
  

Rendered C:/Ruby/lib/ruby/gems/1.8/gems/actionpack-3.0.5/lib/action_dispatch/middleware/templates/rescues/routing_error.erb within rescues/layout (0.0ms)


Started GET "/products" for 127.0.0.1 at Tue Mar 29 13:48:51 +0200 2011
  Processing by ProductsController#index as 
  [1m[36mProduct Load (0.0ms)[0m  [1mSELECT "products".* FROM "products"[0m
Rendered products/index.html.erb within layouts/application (9.0ms)
Completed 200 OK in 49ms (Views: 49.2ms | ActiveRecord: 0.0ms)


Started GET "/products" for 127.0.0.1 at Tue Mar 29 13:58:05 +0200 2011
  Processing by ProductsController#index as HTML
  [1m[35mProduct Load (0.0ms)[0m  SELECT "products".* FROM "products"
Rendered products/index.html.erb within layouts/application (15.6ms)
Completed 200 OK in 56ms (Views: 35.6ms | ActiveRecord: 0.0ms)


Started GET "/store" for 127.0.0.1 at Tue Mar 29 13:58:11 +0200 2011

ActionController::RoutingError (No route matches "/store"):
  

Rendered C:/Ruby/lib/ruby/gems/1.8/gems/actionpack-3.0.5/lib/action_dispatch/middleware/templates/rescues/routing_error.erb within rescues/layout (0.0ms)


Started GET "/depot" for 127.0.0.1 at Tue Mar 29 13:58:15 +0200 2011

ActionController::RoutingError (No route matches "/depot"):
  

Rendered C:/Ruby/lib/ruby/gems/1.8/gems/actionpack-3.0.5/lib/action_dispatch/middleware/templates/rescues/routing_error.erb within rescues/layout (0.0ms)


Started GET "/products" for 127.0.0.1 at Tue Mar 29 14:06:25 +0200 2011
  Processing by ProductsController#index as HTML
  [1m[36mProduct Load (0.0ms)[0m  [1mSELECT "products".* FROM "products"[0m
Rendered products/index.html.erb within layouts/application (171.6ms)
Completed 200 OK in 281ms (Views: 187.2ms | ActiveRecord: 0.0ms)


Started GET "/" for 127.0.0.1 at Tue Mar 29 14:06:40 +0200 2011
  Processing by StoreController#index as HTML
Rendered store/index.html.erb within layouts/application (0.0ms)
Completed 200 OK in 31ms (Views: 31.2ms | ActiveRecord: 0.0ms)


Started GET "/" for 127.0.0.1 at Tue Mar 29 14:17:17 +0200 2011
  Processing by StoreController#index as HTML
  [1m[35mProduct Load (0.0ms)[0m  SELECT "products".* FROM "products" ORDER BY title
ERROR: compiling _app_views_store_index_html_erb__298046173_88345956_0 RAISED compile error
C:/Ruby/work/depot/app/views/store/index.html.erb:16: syntax error, unexpected kENSURE, expecting kEND
C:/Ruby/work/depot/app/views/store/index.html.erb:18: syntax error, unexpected $end, expecting kEND
Function body:           def _app_views_store_index_html_erb__298046173_88345956_0(local_assigns)
            _old_virtual_path, @_virtual_path = @_virtual_path, "store/index";_old_output_buffer = @output_buffer;;@output_buffer = ActionView::OutputBuffer.new; if notice 
@output_buffer.safe_concat('<p id="notice">');@output_buffer.append= ( notice );@output_buffer.safe_concat('</p>
'); end 
@output_buffer.safe_concat('
<h1>Your Pragmatic Catalog</h1>

');@output_buffer.append_if_string=  @products.each do |product| 
@output_buffer.safe_concat('<div class="entry">
  ');@output_buffer.append= ( image_tag(product.image_url) );@output_buffer.safe_concat('
');@output_buffer.safe_concat('  <h3>');@output_buffer.append= ( product.title );@output_buffer.safe_concat('</h3>
  ');@output_buffer.append= (santinze.product.description );@output_buffer.safe_concat('
');@output_buffer.safe_concat('  <div class="price_line"><span class="price">');@output_buffer.append= ( product.price );@output_buffer.safe_concat('</span>
  </div>
</div>
');@output_buffer.to_s
          ensure
            @_virtual_path, @output_buffer = _old_virtual_path, _old_output_buffer
          end
Backtrace: C:/Ruby/work/depot/app/views/store/index.html.erb:18:in `compile'
C:/Ruby/lib/ruby/gems/1.8/gems/actionpack-3.0.5/lib/action_view/template.rb:134:in `render'
C:/Ruby/lib/ruby/gems/1.8/gems/activesupport-3.0.5/lib/active_support/notifications.rb:54:in `instrument'
C:/Ruby/lib/ruby/gems/1.8/gems/actionpack-3.0.5/lib/action_view/template.rb:127:in `render'
C:/Ruby/lib/ruby/gems/1.8/gems/actionpack-3.0.5/lib/action_view/render/rendering.rb:59:in `_render_template'
C:/Ruby/lib/ruby/gems/1.8/gems/activesupport-3.0.5/lib/active_support/notifications.rb:52:in `instrument'
C:/Ruby/lib/ruby/gems/1.8/gems/activesupport-3.0.5/lib/active_support/notifications/instrumenter.rb:21:in `instrument'
C:/Ruby/lib/ruby/gems/1.8/gems/activesupport-3.0.5/lib/active_support/notifications.rb:52:in `instrument'
C:/Ruby/lib/ruby/gems/1.8/gems/actionpack-3.0.5/lib/action_view/render/rendering.rb:56:in `_render_template'
C:/Ruby/lib/ruby/gems/1.8/gems/actionpack-3.0.5/lib/action_view/render/rendering.rb:26:in `render'
C:/Ruby/lib/ruby/gems/1.8/gems/actionpack-3.0.5/lib/abstract_controller/rendering.rb:115:in `_render_template'
C:/Ruby/lib/ruby/gems/1.8/gems/actionpack-3.0.5/lib/abstract_controller/rendering.rb:109:in `render_to_body'
C:/Ruby/lib/ruby/gems/1.8/gems/actionpack-3.0.5/lib/action_controller/metal/renderers.rb:47:in `render_to_body'
C:/Ruby/lib/ruby/gems/1.8/gems/actionpack-3.0.5/lib/action_controller/metal/compatibility.rb:55:in `render_to_body'
C:/Ruby/lib/ruby/gems/1.8/gems/actionpack-3.0.5/lib/abstract_controller/rendering.rb:102:in `render_to_string'
C:/Ruby/lib/ruby/gems/1.8/gems/actionpack-3.0.5/lib/abstract_controller/rendering.rb:93:in `render'
C:/Ruby/lib/ruby/gems/1.8/gems/actionpack-3.0.5/lib/action_controller/metal/rendering.rb:17:in `render'
C:/Ruby/lib/ruby/gems/1.8/gems/actionpack-3.0.5/lib/action_controller/metal/instrumentation.rb:40:in `render'
C:/Ruby/lib/ruby/gems/1.8/gems/activesupport-3.0.5/lib/active_support/core_ext/benchmark.rb:5:in `ms'
C:/Ruby/lib/ruby/1.8/benchmark.rb:308:in `realtime'
C:/Ruby/lib/ruby/gems/1.8/gems/activesupport-3.0.5/lib/active_support/core_ext/benchmark.rb:5:in `ms'
C:/Ruby/lib/ruby/gems/1.8/gems/actionpack-3.0.5/lib/action_controller/metal/instrumentation.rb:40:in `render'
C:/Ruby/lib/ruby/gems/1.8/gems/actionpack-3.0.5/lib/action_controller/metal/instrumentation.rb:78:in `cleanup_view_runtime'
C:/Ruby/lib/ruby/gems/1.8/gems/activerecord-3.0.5/lib/active_record/railties/controller_runtime.rb:15:in `cleanup_view_runtime'
C:/Ruby/lib/ruby/gems/1.8/gems/actionpack-3.0.5/lib/action_controller/metal/instrumentation.rb:39:in `render'
C:/Ruby/lib/ruby/gems/1.8/gems/actionpack-3.0.5/lib/action_controller/metal/implicit_render.rb:10:in `default_render'
C:/Ruby/lib/ruby/gems/1.8/gems/actionpack-3.0.5/lib/action_controller/metal/implicit_render.rb:5:in `send_action'
C:/Ruby/lib/ruby/gems/1.8/gems/actionpack-3.0.5/lib/abstract_controller/base.rb:150:in `process_action'
C:/Ruby/lib/ruby/gems/1.8/gems/actionpack-3.0.5/lib/action_controller/metal/rendering.rb:11:in `process_action'
C:/Ruby/lib/ruby/gems/1.8/gems/actionpack-3.0.5/lib/abstract_controller/callbacks.rb:18:in `process_action'
C:/Ruby/lib/ruby/gems/1.8/gems/activesupport-3.0.5/lib/active_support/callbacks.rb:435:in `_run__849683412__process_action__199225275__callbacks'
C:/Ruby/lib/ruby/gems/1.8/gems/activesupport-3.0.5/lib/active_support/callbacks.rb:409:in `send'
C:/Ruby/lib/ruby/gems/1.8/gems/activesupport-3.0.5/lib/active_support/callbacks.rb:409:in `_run_process_action_callbacks'
C:/Ruby/lib/ruby/gems/1.8/gems/activesupport-3.0.5/lib/active_support/callbacks.rb:93:in `send'
C:/Ruby/lib/ruby/gems/1.8/gems/activesupport-3.0.5/lib/active_support/callbacks.rb:93:in `run_callbacks'
C:/Ruby/lib/ruby/gems/1.8/gems/actionpack-3.0.5/lib/abstract_controller/callbacks.rb:17:in `process_action'
C:/Ruby/lib/ruby/gems/1.8/gems/actionpack-3.0.5/lib/action_controller/metal/instrumentation.rb:30:in `process_action'
C:/Ruby/lib/ruby/gems/1.8/gems/activesupport-3.0.5/lib/active_support/notifications.rb:52:in `instrument'
C:/Ruby/lib/ruby/gems/1.8/gems/activesupport-3.0.5/lib/active_support/notifications/instrumenter.rb:21:in `instrument'
C:/Ruby/lib/ruby/gems/1.8/gems/activesupport-3.0.5/lib/active_support/notifications.rb:52:in `instrument'
C:/Ruby/lib/ruby/gems/1.8/gems/actionpack-3.0.5/lib/action_controller/metal/instrumentation.rb:29:in `process_action'
C:/Ruby/lib/ruby/gems/1.8/gems/actionpack-3.0.5/lib/action_controller/metal/rescue.rb:17:in `process_action'
C:/Ruby/lib/ruby/gems/1.8/gems/actionpack-3.0.5/lib/abstract_controller/base.rb:119:in `process'
C:/Ruby/lib/ruby/gems/1.8/gems/actionpack-3.0.5/lib/abstract_controller/rendering.rb:41:in `process'
C:/Ruby/lib/ruby/gems/1.8/gems/actionpack-3.0.5/lib/action_controller/metal.rb:138:in `dispatch'
C:/Ruby/lib/ruby/gems/1.8/gems/actionpack-3.0.5/lib/action_controller/metal/rack_delegation.rb:14:in `dispatch'
C:/Ruby/lib/ruby/gems/1.8/gems/actionpack-3.0.5/lib/action_controller/metal.rb:178:in `action'
C:/Ruby/lib/ruby/gems/1.8/gems/actionpack-3.0.5/lib/action_dispatch/routing/route_set.rb:62:in `call'
C:/Ruby/lib/ruby/gems/1.8/gems/actionpack-3.0.5/lib/action_dispatch/routing/route_set.rb:62:in `dispatch'
C:/Ruby/lib/ruby/gems/1.8/gems/actionpack-3.0.5/lib/action_dispatch/routing/route_set.rb:27:in `call'
C:/Ruby/lib/ruby/gems/1.8/gems/rack-mount-0.6.14/lib/rack/mount/route_set.rb:148:in `call'
C:/Ruby/lib/ruby/gems/1.8/gems/rack-mount-0.6.14/lib/rack/mount/code_generation.rb:93:in `recognize'
C:/Ruby/lib/ruby/gems/1.8/gems/rack-mount-0.6.14/lib/rack/mount/code_generation.rb:68:in `optimized_each'
C:/Ruby/lib/ruby/gems/1.8/gems/rack-mount-0.6.14/lib/rack/mount/code_generation.rb:92:in `recognize'
C:/Ruby/lib/ruby/gems/1.8/gems/rack-mount-0.6.14/lib/rack/mount/route_set.rb:139:in `call'
C:/Ruby/lib/ruby/gems/1.8/gems/actionpack-3.0.5/lib/action_dispatch/routing/route_set.rb:492:in `call'
C:/Ruby/lib/ruby/gems/1.8/gems/actionpack-3.0.5/lib/action_dispatch/middleware/best_standards_support.rb:17:in `call'
C:/Ruby/lib/ruby/gems/1.8/gems/actionpack-3.0.5/lib/action_dispatch/middleware/head.rb:14:in `call'
C:/Ruby/lib/ruby/gems/1.8/gems/rack-1.2.2/lib/rack/methodoverride.rb:24:in `call'
C:/Ruby/lib/ruby/gems/1.8/gems/actionpack-3.0.5/lib/action_dispatch/middleware/params_parser.rb:21:in `call'
C:/Ruby/lib/ruby/gems/1.8/gems/actionpack-3.0.5/lib/action_dispatch/middleware/flash.rb:182:in `call'
C:/Ruby/lib/ruby/gems/1.8/gems/actionpack-3.0.5/lib/action_dispatch/middleware/session/abstract_store.rb:149:in `call'
C:/Ruby/lib/ruby/gems/1.8/gems/actionpack-3.0.5/lib/action_dispatch/middleware/cookies.rb:302:in `call'
C:/Ruby/lib/ruby/gems/1.8/gems/activerecord-3.0.5/lib/active_record/query_cache.rb:32:in `call'
C:/Ruby/lib/ruby/gems/1.8/gems/activerecord-3.0.5/lib/active_record/connection_adapters/abstract/query_cache.rb:28:in `cache'
C:/Ruby/lib/ruby/gems/1.8/gems/activerecord-3.0.5/lib/active_record/query_cache.rb:12:in `cache'
C:/Ruby/lib/ruby/gems/1.8/gems/activerecord-3.0.5/lib/active_record/query_cache.rb:31:in `call'
C:/Ruby/lib/ruby/gems/1.8/gems/activerecord-3.0.5/lib/active_record/connection_adapters/abstract/connection_pool.rb:354:in `call'
C:/Ruby/lib/ruby/gems/1.8/gems/actionpack-3.0.5/lib/action_dispatch/middleware/callbacks.rb:46:in `call'
C:/Ruby/lib/ruby/gems/1.8/gems/activesupport-3.0.5/lib/active_support/callbacks.rb:415:in `_run_call_callbacks'
C:/Ruby/lib/ruby/gems/1.8/gems/actionpack-3.0.5/lib/action_dispatch/middleware/callbacks.rb:44:in `call'
C:/Ruby/lib/ruby/gems/1.8/gems/rack-1.2.2/lib/rack/sendfile.rb:107:in `call'
C:/Ruby/lib/ruby/gems/1.8/gems/actionpack-3.0.5/lib/action_dispatch/middleware/remote_ip.rb:48:in `call'
C:/Ruby/lib/ruby/gems/1.8/gems/actionpack-3.0.5/lib/action_dispatch/middleware/show_exceptions.rb:47:in `call'
C:/Ruby/lib/ruby/gems/1.8/gems/railties-3.0.5/lib/rails/rack/logger.rb:13:in `call'
C:/Ruby/lib/ruby/gems/1.8/gems/rack-1.2.2/lib/rack/runtime.rb:17:in `call'
C:/Ruby/lib/ruby/gems/1.8/gems/activesupport-3.0.5/lib/active_support/cache/strategy/local_cache.rb:72:in `call'
C:/Ruby/lib/ruby/gems/1.8/gems/rack-1.2.2/lib/rack/lock.rb:11:in `call'
C:/Ruby/lib/ruby/gems/1.8/gems/rack-1.2.2/lib/rack/lock.rb:11:in `synchronize'
C:/Ruby/lib/ruby/gems/1.8/gems/rack-1.2.2/lib/rack/lock.rb:11:in `call'
C:/Ruby/lib/ruby/gems/1.8/gems/actionpack-3.0.5/lib/action_dispatch/middleware/static.rb:30:in `call'
C:/Ruby/lib/ruby/gems/1.8/gems/railties-3.0.5/lib/rails/application.rb:168:in `call'
C:/Ruby/lib/ruby/gems/1.8/gems/railties-3.0.5/lib/rails/application.rb:77:in `send'
C:/Ruby/lib/ruby/gems/1.8/gems/railties-3.0.5/lib/rails/application.rb:77:in `method_missing'
C:/Ruby/lib/ruby/gems/1.8/gems/railties-3.0.5/lib/rails/rack/log_tailer.rb:14:in `call'
C:/Ruby/lib/ruby/gems/1.8/gems/rack-1.2.2/lib/rack/content_length.rb:13:in `call'
C:/Ruby/lib/ruby/gems/1.8/gems/rack-1.2.2/lib/rack/handler/webrick.rb:52:in `service'
C:/Ruby/lib/ruby/1.8/webrick/httpserver.rb:104:in `service'
C:/Ruby/lib/ruby/1.8/webrick/httpserver.rb:65:in `run'
C:/Ruby/lib/ruby/1.8/webrick/server.rb:173:in `start_thread'
C:/Ruby/lib/ruby/1.8/webrick/server.rb:162:in `start'
C:/Ruby/lib/ruby/1.8/webrick/server.rb:162:in `start_thread'
C:/Ruby/lib/ruby/1.8/webrick/server.rb:95:in `start'
C:/Ruby/lib/ruby/1.8/webrick/server.rb:92:in `each'
C:/Ruby/lib/ruby/1.8/webrick/server.rb:92:in `start'
C:/Ruby/lib/ruby/1.8/webrick/server.rb:23:in `start'
C:/Ruby/lib/ruby/1.8/webrick/server.rb:82:in `start'
C:/Ruby/lib/ruby/gems/1.8/gems/rack-1.2.2/lib/rack/handler/webrick.rb:13:in `run'
C:/Ruby/lib/ruby/gems/1.8/gems/rack-1.2.2/lib/rack/server.rb:213:in `start'
C:/Ruby/lib/ruby/gems/1.8/gems/railties-3.0.5/lib/rails/commands/server.rb:65:in `start'
C:/Ruby/lib/ruby/gems/1.8/gems/railties-3.0.5/lib/rails/commands.rb:30
C:/Ruby/lib/ruby/gems/1.8/gems/railties-3.0.5/lib/rails/commands.rb:27:in `tap'
C:/Ruby/lib/ruby/gems/1.8/gems/railties-3.0.5/lib/rails/commands.rb:27
script/rails:6:in `require'
script/rails:6
Rendered store/index.html.erb within layouts/application (46.8ms)
Completed   in 78ms

ActionView::Template::Error (compile error
C:/Ruby/work/depot/app/views/store/index.html.erb:16: syntax error, unexpected kENSURE, expecting kEND
C:/Ruby/work/depot/app/views/store/index.html.erb:18: syntax error, unexpected $end, expecting kEND):
    13:   </div>
    14: </div>
  app/views/store/index.html.erb:18:in `compile'

Rendered C:/Ruby/lib/ruby/gems/1.8/gems/actionpack-3.0.5/lib/action_dispatch/middleware/templates/rescues/_trace.erb (15.6ms)
Rendered C:/Ruby/lib/ruby/gems/1.8/gems/actionpack-3.0.5/lib/action_dispatch/middleware/templates/rescues/_request_and_response.erb (15.6ms)
Rendered C:/Ruby/lib/ruby/gems/1.8/gems/actionpack-3.0.5/lib/action_dispatch/middleware/templates/rescues/template_error.erb within rescues/layout (31.2ms)


Started GET "/" for 127.0.0.1 at Tue Mar 29 14:17:42 +0200 2011
  Processing by StoreController#index as 
  [1m[36mProduct Load (0.0ms)[0m  [1mSELECT "products".* FROM "products" ORDER BY title[0m
Rendered store/index.html.erb within layouts/application (15.6ms)
Completed   in 156ms

ActionView::Template::Error (undefined local variable or method `santinze' for #<#<Class:0xa7a27f0>:0xa7a1758>):
    8: <div class="entry">
    9:   <%= image_tag(product.image_url) %>
    10:   <h3><%= product.title %></h3>
    11:   <%=santinze.product.description %>
    12:   <div class="price_line"><span class="price"><%= product.price %></span>
    13:   </div>
    14: </div>
  app/views/store/index.html.erb:11:in `_app_views_store_index_html_erb__298046173_87884412_0'
  app/views/store/index.html.erb:7:in `each'
  app/views/store/index.html.erb:7:in `_app_views_store_index_html_erb__298046173_87884412_0'

Rendered C:/Ruby/lib/ruby/gems/1.8/gems/actionpack-3.0.5/lib/action_dispatch/middleware/templates/rescues/_trace.erb (0.0ms)
Rendered C:/Ruby/lib/ruby/gems/1.8/gems/actionpack-3.0.5/lib/action_dispatch/middleware/templates/rescues/_request_and_response.erb (15.6ms)
Rendered C:/Ruby/lib/ruby/gems/1.8/gems/actionpack-3.0.5/lib/action_dispatch/middleware/templates/rescues/template_error.erb within rescues/layout (31.2ms)


Started GET "/" for 127.0.0.1 at Tue Mar 29 14:18:26 +0200 2011
  Processing by StoreController#index as 
  [1m[35mProduct Load (0.0ms)[0m  SELECT "products".* FROM "products" ORDER BY title
Rendered store/index.html.erb within layouts/application (15.6ms)
Completed 200 OK in 109ms (Views: 109.2ms | ActiveRecord: 0.0ms)


Started GET "/" for 127.0.0.1 at Tue Mar 29 14:20:48 +0200 2011
  Processing by StoreController#index as 
  [1m[36mProduct Load (15.6ms)[0m  [1mSELECT "products".* FROM "products" ORDER BY title[0m
Rendered store/index.html.erb within layouts/application (0.0ms)
Completed 200 OK in 94ms (Views: 78.0ms | ActiveRecord: 15.6ms)


Started GET "/images/logo.png" for 127.0.0.1 at Tue Mar 29 14:20:48 +0200 2011

ActionController::RoutingError (No route matches "/images/logo.png"):
  

Rendered C:/Ruby/lib/ruby/gems/1.8/gems/actionpack-3.0.5/lib/action_dispatch/middleware/templates/rescues/routing_error.erb within rescues/layout (0.0ms)


Started GET "/products" for 127.0.0.1 at Tue Mar 29 14:20:49 +0200 2011
  Processing by ProductsController#index as 
  [1m[35mProduct Load (0.0ms)[0m  SELECT "products".* FROM "products" ORDER BY title
Rendered products/index.html.erb within layouts/application (27.6ms)
Completed 200 OK in 59ms (Views: 43.2ms | ActiveRecord: 0.0ms)


Started GET "/images/logo.png" for 127.0.0.1 at Tue Mar 29 14:20:49 +0200 2011

ActionController::RoutingError (No route matches "/images/logo.png"):
  

Rendered C:/Ruby/lib/ruby/gems/1.8/gems/actionpack-3.0.5/lib/action_dispatch/middleware/templates/rescues/routing_error.erb within rescues/layout (0.0ms)


Started GET "/" for 127.0.0.1 at Tue Mar 29 14:20:50 +0200 2011
  Processing by StoreController#index as 
  [1m[36mProduct Load (0.0ms)[0m  [1mSELECT "products".* FROM "products" ORDER BY title[0m
Rendered store/index.html.erb within layouts/application (10.0ms)
Completed 200 OK in 123ms (Views: 107.6ms | ActiveRecord: 0.0ms)


Started GET "/images/logo.png" for 127.0.0.1 at Tue Mar 29 14:20:50 +0200 2011

ActionController::RoutingError (No route matches "/images/logo.png"):
  

Rendered C:/Ruby/lib/ruby/gems/1.8/gems/actionpack-3.0.5/lib/action_dispatch/middleware/templates/rescues/routing_error.erb within rescues/layout (0.0ms)


Started GET "/" for 127.0.0.1 at Tue Mar 29 14:20:54 +0200 2011
  Processing by StoreController#index as 
  [1m[35mProduct Load (0.0ms)[0m  SELECT "products".* FROM "products" ORDER BY title
Rendered store/index.html.erb within layouts/application (15.6ms)
Completed 200 OK in 109ms (Views: 93.6ms | ActiveRecord: 0.0ms)


Started GET "/images/logo.png" for 127.0.0.1 at Tue Mar 29 14:20:55 +0200 2011

ActionController::RoutingError (No route matches "/images/logo.png"):
  

Rendered C:/Ruby/lib/ruby/gems/1.8/gems/actionpack-3.0.5/lib/action_dispatch/middleware/templates/rescues/routing_error.erb within rescues/layout (0.0ms)


Started GET "/" for 127.0.0.1 at Tue Mar 29 14:21:46 +0200 2011
  Processing by StoreController#index as HTML
  [1m[36mProduct Load (0.0ms)[0m  [1mSELECT "products".* FROM "products" ORDER BY title[0m
Rendered store/index.html.erb within layouts/application (20.6ms)
Completed 200 OK in 53ms (Views: 51.8ms | ActiveRecord: 0.0ms)


Started GET "/images/logo.png" for 127.0.0.1 at Tue Mar 29 14:21:46 +0200 2011

ActionController::RoutingError (No route matches "/images/logo.png"):
  

Rendered C:/Ruby/lib/ruby/gems/1.8/gems/actionpack-3.0.5/lib/action_dispatch/middleware/templates/rescues/routing_error.erb within rescues/layout (0.0ms)


Started GET "/" for 127.0.0.1 at Tue Mar 29 14:23:03 +0200 2011
  Processing by StoreController#index as 
  [1m[35mProduct Load (0.0ms)[0m  SELECT "products".* FROM "products" ORDER BY title
Rendered store/index.html.erb within layouts/application (15.6ms)
Completed 200 OK in 109ms (Views: 109.2ms | ActiveRecord: 0.0ms)


Started GET "/" for 127.0.0.1 at Tue Mar 29 14:27:51 +0200 2011
  Processing by StoreController#index as 
  [1m[36mProduct Load (0.0ms)[0m  [1mSELECT "products".* FROM "products" ORDER BY title[0m
Rendered store/index.html.erb within layouts/application (15.6ms)
Completed 200 OK in 94ms (Views: 93.6ms | ActiveRecord: 0.0ms)


Started GET "/" for 127.0.0.1 at Tue Mar 29 14:29:23 +0200 2011
  Processing by StoreController#index as 
  [1m[35mProduct Load (0.0ms)[0m  SELECT "products".* FROM "products" ORDER BY title
Rendered store/index.html.erb within layouts/application (86.8ms)
Completed 200 OK in 194ms (Views: 178.0ms | ActiveRecord: 0.0ms)


Started GET "/" for 127.0.0.1 at Tue Mar 29 14:29:26 +0200 2011
  Processing by StoreController#index as 
  [1m[36mProduct Load (0.0ms)[0m  [1mSELECT "products".* FROM "products" ORDER BY title[0m
Rendered store/index.html.erb within layouts/application (15.6ms)
Completed 200 OK in 109ms (Views: 109.2ms | ActiveRecord: 0.0ms)


Started GET "/" for 127.0.0.1 at Tue Apr 05 14:17:07 +0200 2011
  Processing by StoreController#index as HTML
  [1m[36mProduct Load (0.0ms)[0m  [1mSELECT "products".* FROM "products" ORDER BY title[0m
Rendered store/index.html.erb within layouts/application (140.4ms)
Completed 200 OK in 312ms (Views: 171.6ms | ActiveRecord: 0.0ms)
